<?xml version="1.0" encoding="UTF-8"?>
<!-- Generated by org.testng.reporters.JUnitReportReporter -->
<testsuite skipped="0" hostname="BANL148a4071e.local" name="com.masteringselenium.BasicIT" tests="2" failures="0" timestamp="12 Jul 2018 05:13:26 GMT" time="4.709" errors="0">
  <testcase name="googleCheeseExample" time="4.028" classname="com.masteringselenium.BasicIT"/>
  <testcase name="googleMilkExample" time="0.681" classname="com.masteringselenium.BasicIT"/>
</testsuite> <!-- com.masteringselenium.BasicIT -->
